[2023-06-27T14:45:29.231] [ERROR] log.txt - Invalid date format!
[2023-06-27T14:46:01.336] [ERROR] log.txt - Invalid date format!
[2023-06-27T14:46:46.626] [ERROR] ./log.txt - Invalid date format!
[2023-06-27T14:47:02.050] [ERROR] ./log.txt - ba
[2023-06-27T14:47:02.063] [ERROR] ./log.txt - Invalid date format!
[2023-06-27T14:54:10.147] [ERROR] index.ts - ba
[2023-06-27T14:54:10.160] [ERROR] index.ts - Invalid date format!
[2023-06-27T14:54:48.097] [ERROR] index.ts - Invalid date format!
[2023-06-27T14:57:30.333] [ERROR] index.ts - Invalid number: NaN
[2023-06-27T14:57:30.337] [ERROR] index.ts - Invalid date format!
[2023-06-27T16:01:35.887] [ERROR] index.ts - Invalid number: NaN
[2023-06-27T16:01:35.888] [ERROR] index.ts - Invalid date format!
[2023-06-27T16:01:35.897] [ERROR] index.ts - Invalid number: NaN
[2023-06-27T16:01:35.897] [ERROR] index.ts - Invalid date format!
[2023-06-27T16:01:35.898] [ERROR] index.ts - Invalid number: NaN
[2023-06-27T16:01:35.898] [ERROR] index.ts - Invalid date format!
[2023-06-27T16:01:35.898] [ERROR] index.ts - Invalid number: NaN
[2023-06-27T16:01:35.898] [ERROR] index.ts - Invalid date format!
[2023-06-27T16:01:35.899] [ERROR] index.ts - Invalid number: NaN
[2023-06-27T16:01:35.899] [ERROR] index.ts - Invalid date format!
[2023-06-27T16:01:35.899] [ERROR] index.ts - Invalid number: NaN
[2023-06-27T16:01:35.899] [ERROR] index.ts - Invalid date format!
[2023-06-27T16:01:35.899] [ERROR] index.ts - Invalid number: NaN
[2023-06-27T16:01:35.899] [ERROR] index.ts - Invalid date format!
[2023-06-27T16:01:35.900] [ERROR] index.ts - Invalid number: NaN
[2023-06-27T16:01:35.900] [ERROR] index.ts - Invalid date format!
[2023-06-27T16:01:35.900] [ERROR] index.ts - Invalid number: NaN
[2023-06-27T16:01:35.900] [ERROR] index.ts - Invalid date format!
[2023-06-27T16:01:35.900] [ERROR] index.ts - Invalid number: NaN
[2023-06-27T16:01:35.900] [ERROR] index.ts - Invalid date format!
[2023-06-27T16:01:35.901] [ERROR] index.ts - Invalid number: NaN
[2023-06-27T16:01:35.901] [ERROR] index.ts - Invalid date format!
[2023-06-27T16:01:35.901] [ERROR] index.ts - Invalid number: NaN
[2023-06-27T16:01:35.901] [ERROR] index.ts - Invalid date format!
[2023-06-27T16:01:35.901] [ERROR] index.ts - Invalid number: NaN
[2023-06-27T16:01:35.901] [ERROR] index.ts - Invalid date format!
[2023-06-27T16:01:35.902] [ERROR] index.ts - Invalid number: NaN
[2023-06-27T16:01:35.902] [ERROR] index.ts - Invalid date format!
[2023-06-27T16:01:35.902] [ERROR] index.ts - Invalid number: NaN
[2023-06-27T16:01:35.902] [ERROR] index.ts - Invalid date format!
[2023-06-27T16:01:35.902] [ERROR] index.ts - Invalid number: NaN
[2023-06-27T16:01:35.902] [ERROR] index.ts - Invalid date format!
[2023-06-27T16:01:35.903] [ERROR] index.ts - Invalid number: NaN
[2023-06-27T16:01:35.903] [ERROR] index.ts - Invalid date format!
[2023-06-27T16:01:35.903] [ERROR] index.ts - Invalid number: NaN
[2023-06-27T16:01:35.903] [ERROR] index.ts - Invalid date format!
[2023-06-27T16:01:35.904] [ERROR] index.ts - Invalid number: NaN
[2023-06-27T16:01:35.904] [ERROR] index.ts - Invalid date format!
[2023-06-27T16:01:35.904] [ERROR] index.ts - Invalid number: NaN
[2023-06-27T16:01:35.904] [ERROR] index.ts - Invalid date format!
[2023-06-27T16:01:35.904] [ERROR] index.ts - Invalid number: NaN
[2023-06-27T16:01:35.905] [ERROR] index.ts - Invalid date format!
[2023-06-27T16:01:35.905] [ERROR] index.ts - Invalid number: NaN
[2023-06-27T16:01:35.905] [ERROR] index.ts - Invalid date format!
[2023-06-27T16:01:35.905] [ERROR] index.ts - Invalid number: NaN
[2023-06-27T16:01:35.905] [ERROR] index.ts - Invalid date format!
[2023-06-27T16:01:35.905] [ERROR] index.ts - Invalid number: NaN
[2023-06-27T16:01:35.905] [ERROR] index.ts - Invalid date format!
[2023-06-27T16:01:35.905] [ERROR] index.ts - Invalid number: NaN
[2023-06-27T16:01:35.906] [ERROR] index.ts - Invalid date format!
[2023-06-27T16:01:35.906] [ERROR] index.ts - Invalid number: NaN
[2023-06-27T16:01:35.906] [ERROR] index.ts - Invalid date format!
[2023-06-27T16:01:35.906] [ERROR] index.ts - Invalid number: NaN
[2023-06-27T16:01:35.906] [ERROR] index.ts - Invalid date format!
[2023-06-27T16:01:35.906] [ERROR] index.ts - Invalid number: NaN
[2023-06-27T16:01:35.906] [ERROR] index.ts - Invalid date format!
[2023-06-27T16:01:35.907] [ERROR] index.ts - Invalid number: NaN
[2023-06-27T16:01:35.907] [ERROR] index.ts - Invalid date format!
[2023-06-27T16:01:35.907] [ERROR] index.ts - Invalid number: NaN
[2023-06-27T16:01:35.907] [ERROR] index.ts - Invalid date format!
[2023-06-27T16:01:35.907] [ERROR] index.ts - Invalid number: NaN
[2023-06-27T16:01:35.907] [ERROR] index.ts - Invalid date format!
[2023-06-27T16:01:35.907] [ERROR] index.ts - Invalid number: NaN
[2023-06-27T16:01:35.907] [ERROR] index.ts - Invalid date format!
[2023-06-27T16:01:35.908] [ERROR] index.ts - Invalid number: NaN
[2023-06-27T16:01:35.908] [ERROR] index.ts - Invalid date format!
[2023-06-27T16:01:35.908] [ERROR] index.ts - Invalid number: NaN
[2023-06-27T16:01:35.908] [ERROR] index.ts - Invalid date format!
[2023-06-27T16:01:35.908] [ERROR] index.ts - Invalid number: NaN
[2023-06-27T16:01:35.908] [ERROR] index.ts - Invalid date format!
[2023-06-27T16:01:35.908] [ERROR] index.ts - Invalid number: NaN
[2023-06-27T16:01:35.909] [ERROR] index.ts - Invalid date format!
[2023-06-27T16:01:35.909] [ERROR] index.ts - Invalid number: NaN
[2023-06-27T16:01:35.909] [ERROR] index.ts - Invalid date format!
[2023-06-27T16:01:35.909] [ERROR] index.ts - Invalid number: NaN
[2023-06-27T16:01:35.909] [ERROR] index.ts - Invalid date format!
[2023-06-27T16:01:35.909] [ERROR] index.ts - Invalid number: NaN
[2023-06-27T16:01:35.909] [ERROR] index.ts - Invalid date format!
[2023-06-27T16:01:35.910] [ERROR] index.ts - Invalid number: NaN
[2023-06-27T16:01:35.910] [ERROR] index.ts - Invalid date format!
[2023-06-27T16:01:35.910] [ERROR] index.ts - Invalid number: NaN
[2023-06-27T16:01:35.910] [ERROR] index.ts - Invalid date format!
[2023-06-27T16:01:35.910] [ERROR] index.ts - Invalid number: NaN
[2023-06-27T16:01:35.911] [ERROR] index.ts - Invalid date format!
[2023-06-27T16:01:35.911] [ERROR] index.ts - Invalid number: NaN
[2023-06-27T16:01:35.911] [ERROR] index.ts - Invalid date format!
[2023-06-27T16:01:35.911] [ERROR] index.ts - Invalid number: NaN
[2023-06-27T16:01:35.911] [ERROR] index.ts - Invalid date format!
[2023-06-27T16:01:35.911] [ERROR] index.ts - Invalid number: NaN
[2023-06-27T16:01:35.911] [ERROR] index.ts - Invalid date format!
[2023-06-27T16:01:35.912] [ERROR] index.ts - Invalid number: NaN
[2023-06-27T16:01:35.912] [ERROR] index.ts - Invalid date format!
[2023-06-27T16:01:35.912] [ERROR] index.ts - Invalid number: NaN
[2023-06-27T16:01:35.912] [ERROR] index.ts - Invalid date format!
[2023-06-27T16:01:35.912] [ERROR] index.ts - Invalid number: NaN
[2023-06-27T16:01:35.912] [ERROR] index.ts - Invalid date format!
[2023-06-27T16:01:35.912] [ERROR] index.ts - Invalid number: NaN
[2023-06-27T16:01:35.913] [ERROR] index.ts - Invalid date format!
[2023-06-27T16:01:35.913] [ERROR] index.ts - Invalid number: NaN
[2023-06-27T16:01:35.913] [ERROR] index.ts - Invalid date format!
[2023-06-27T16:01:35.913] [ERROR] index.ts - Invalid number: NaN
[2023-06-27T16:01:35.913] [ERROR] index.ts - Invalid date format!
[2023-06-27T16:01:35.913] [ERROR] index.ts - Invalid number: NaN
[2023-06-27T16:01:35.914] [ERROR] index.ts - Invalid date format!
[2023-06-27T16:01:35.914] [ERROR] index.ts - Invalid number: NaN
[2023-06-27T16:01:35.914] [ERROR] index.ts - Invalid date format!
[2023-06-27T16:01:35.914] [ERROR] index.ts - Invalid number: NaN
[2023-06-27T16:01:35.914] [ERROR] index.ts - Invalid date format!
[2023-06-27T16:01:35.914] [ERROR] index.ts - Invalid number: NaN
[2023-06-27T16:01:35.914] [ERROR] index.ts - Invalid date format!
[2023-06-27T16:01:35.914] [ERROR] index.ts - Invalid number: NaN
[2023-06-27T16:01:35.915] [ERROR] index.ts - Invalid date format!
[2023-06-27T16:01:35.915] [ERROR] index.ts - Invalid number: NaN
[2023-06-27T16:01:35.915] [ERROR] index.ts - Invalid date format!
[2023-06-27T16:01:35.915] [ERROR] index.ts - Invalid number: NaN
[2023-06-27T16:01:35.915] [ERROR] index.ts - Invalid date format!
[2023-06-27T16:01:35.915] [ERROR] index.ts - Invalid number: NaN
[2023-06-27T16:01:35.915] [ERROR] index.ts - Invalid date format!
[2023-06-27T16:01:35.916] [ERROR] index.ts - Invalid number: NaN
[2023-06-27T16:01:35.916] [ERROR] index.ts - Invalid date format!
[2023-06-27T16:01:35.916] [ERROR] index.ts - Invalid number: NaN
[2023-06-27T16:01:35.916] [ERROR] index.ts - Invalid date format!
[2023-06-27T16:01:35.916] [ERROR] index.ts - Invalid number: NaN
[2023-06-27T16:01:35.916] [ERROR] index.ts - Invalid date format!
[2023-06-27T16:01:35.917] [ERROR] index.ts - Invalid number: NaN
[2023-06-27T16:01:35.917] [ERROR] index.ts - Invalid date format!
[2023-06-27T16:01:35.917] [ERROR] index.ts - Invalid number: NaN
[2023-06-27T16:01:35.917] [ERROR] index.ts - Invalid date format!
[2023-06-27T16:01:35.917] [ERROR] index.ts - Invalid number: NaN
[2023-06-27T16:01:35.917] [ERROR] index.ts - Invalid date format!
[2023-06-27T16:01:35.917] [ERROR] index.ts - Invalid number: NaN
[2023-06-27T16:01:35.918] [ERROR] index.ts - Invalid date format!
[2023-06-27T16:01:35.918] [ERROR] index.ts - Invalid number: NaN
[2023-06-27T16:01:35.918] [ERROR] index.ts - Invalid date format!
[2023-06-27T16:01:35.918] [ERROR] index.ts - Invalid number: NaN
[2023-06-27T16:01:35.919] [ERROR] index.ts - Invalid date format!
[2023-06-27T16:01:35.919] [ERROR] index.ts - Invalid number: NaN
[2023-06-27T16:01:35.919] [ERROR] index.ts - Invalid date format!
[2023-06-27T16:01:35.919] [ERROR] index.ts - Invalid number: NaN
[2023-06-27T16:01:35.919] [ERROR] index.ts - Invalid date format!
[2023-06-27T16:01:35.920] [ERROR] index.ts - Invalid number: NaN
[2023-06-27T16:01:35.920] [ERROR] index.ts - Invalid date format!
[2023-06-27T16:01:35.920] [ERROR] index.ts - Invalid number: NaN
[2023-06-27T16:01:35.920] [ERROR] index.ts - Invalid date format!
[2023-06-27T16:01:35.920] [ERROR] index.ts - Invalid number: NaN
[2023-06-27T16:01:35.920] [ERROR] index.ts - Invalid date format!
[2023-06-27T16:01:35.920] [ERROR] index.ts - Invalid number: NaN
[2023-06-27T16:01:35.921] [ERROR] index.ts - Invalid date format!
[2023-06-27T16:01:35.921] [ERROR] index.ts - Invalid number: NaN
[2023-06-27T16:01:35.921] [ERROR] index.ts - Invalid date format!
[2023-06-27T16:01:35.921] [ERROR] index.ts - Invalid number: NaN
[2023-06-27T16:01:35.921] [ERROR] index.ts - Invalid date format!
[2023-06-27T16:01:35.921] [ERROR] index.ts - Invalid number: NaN
[2023-06-27T16:01:35.922] [ERROR] index.ts - Invalid date format!
[2023-06-27T16:01:35.922] [ERROR] index.ts - Invalid number: NaN
[2023-06-27T16:01:35.922] [ERROR] index.ts - Invalid date format!
[2023-06-27T16:01:35.922] [ERROR] index.ts - Invalid number: NaN
[2023-06-27T16:01:35.922] [ERROR] index.ts - Invalid date format!
[2023-06-27T16:01:35.922] [ERROR] index.ts - Invalid number: NaN
[2023-06-27T16:01:35.922] [ERROR] index.ts - Invalid date format!
[2023-06-27T16:01:35.923] [ERROR] index.ts - Invalid number: NaN
[2023-06-27T16:01:35.923] [ERROR] index.ts - Invalid date format!
[2023-06-27T16:01:35.923] [ERROR] index.ts - Invalid number: NaN
[2023-06-27T16:01:35.923] [ERROR] index.ts - Invalid date format!
[2023-06-27T16:01:35.923] [ERROR] index.ts - Invalid number: NaN
[2023-06-27T16:01:35.923] [ERROR] index.ts - Invalid date format!
[2023-06-27T16:01:35.923] [ERROR] index.ts - Invalid number: NaN
[2023-06-27T16:01:35.923] [ERROR] index.ts - Invalid date format!
[2023-06-27T16:01:35.924] [ERROR] index.ts - Invalid number: NaN
[2023-06-27T16:01:35.924] [ERROR] index.ts - Invalid date format!
[2023-06-27T16:01:35.924] [ERROR] index.ts - Invalid number: NaN
[2023-06-27T16:01:35.924] [ERROR] index.ts - Invalid date format!
[2023-06-27T16:01:35.924] [ERROR] index.ts - Invalid number: NaN
[2023-06-27T16:01:35.924] [ERROR] index.ts - Invalid date format!
[2023-06-27T16:01:35.925] [ERROR] index.ts - Invalid number: NaN
[2023-06-27T16:01:35.925] [ERROR] index.ts - Invalid date format!
[2023-06-27T16:01:35.925] [ERROR] index.ts - Invalid number: NaN
[2023-06-27T16:01:35.925] [ERROR] index.ts - Invalid date format!
[2023-06-27T16:01:35.925] [ERROR] index.ts - Invalid number: NaN
[2023-06-27T16:01:35.925] [ERROR] index.ts - Invalid date format!
[2023-06-27T16:01:35.926] [ERROR] index.ts - Invalid number: NaN
[2023-06-27T16:01:35.926] [ERROR] index.ts - Invalid date format!
[2023-06-27T16:01:35.926] [ERROR] index.ts - Invalid number: NaN
[2023-06-27T16:01:35.926] [ERROR] index.ts - Invalid date format!
[2023-06-27T16:01:35.926] [ERROR] index.ts - Invalid number: NaN
[2023-06-27T16:01:35.927] [ERROR] index.ts - Invalid date format!
[2023-06-27T16:01:35.927] [ERROR] index.ts - Invalid number: NaN
[2023-06-27T16:01:35.927] [ERROR] index.ts - Invalid date format!
[2023-06-27T16:01:35.927] [ERROR] index.ts - Invalid number: NaN
[2023-06-27T16:01:35.928] [ERROR] index.ts - Invalid date format!
[2023-06-27T16:01:35.928] [ERROR] index.ts - Invalid number: NaN
[2023-06-27T16:01:35.928] [ERROR] index.ts - Invalid date format!
[2023-06-27T16:01:35.928] [ERROR] index.ts - Invalid number: NaN
[2023-06-27T16:01:35.928] [ERROR] index.ts - Invalid date format!
[2023-06-27T16:01:35.928] [ERROR] index.ts - Invalid number: NaN
[2023-06-27T16:01:35.929] [ERROR] index.ts - Invalid date format!
[2023-06-27T16:01:35.929] [ERROR] index.ts - Invalid number: NaN
[2023-06-27T16:01:35.929] [ERROR] index.ts - Invalid date format!
[2023-06-27T16:01:35.929] [ERROR] index.ts - Invalid number: NaN
[2023-06-27T16:01:35.929] [ERROR] index.ts - Invalid date format!
[2023-06-27T16:01:35.929] [ERROR] index.ts - Invalid number: NaN
[2023-06-27T16:01:35.929] [ERROR] index.ts - Invalid date format!
[2023-06-27T16:01:35.929] [ERROR] index.ts - Invalid number: NaN
[2023-06-27T16:01:35.929] [ERROR] index.ts - Invalid date format!
[2023-06-27T16:01:35.930] [ERROR] index.ts - Invalid number: NaN
[2023-06-27T16:01:35.930] [ERROR] index.ts - Invalid date format!
[2023-06-27T16:01:35.930] [ERROR] index.ts - Invalid number: NaN
[2023-06-27T16:01:35.930] [ERROR] index.ts - Invalid date format!
[2023-06-27T16:01:35.930] [ERROR] index.ts - Invalid number: NaN
[2023-06-27T16:01:35.930] [ERROR] index.ts - Invalid date format!
[2023-06-27T16:01:35.931] [ERROR] index.ts - Invalid number: NaN
[2023-06-27T16:01:35.931] [ERROR] index.ts - Invalid date format!
[2023-06-27T16:01:35.931] [ERROR] index.ts - Invalid number: NaN
[2023-06-27T16:01:35.931] [ERROR] index.ts - Invalid date format!
[2023-06-27T16:01:35.931] [ERROR] index.ts - Invalid number: NaN
[2023-06-27T16:01:35.931] [ERROR] index.ts - Invalid date format!
[2023-06-27T16:01:35.931] [ERROR] index.ts - Invalid number: NaN
[2023-06-27T16:01:35.931] [ERROR] index.ts - Invalid date format!
[2023-06-27T16:01:35.931] [ERROR] index.ts - Invalid number: NaN
[2023-06-27T16:01:35.932] [ERROR] index.ts - Invalid date format!
[2023-06-27T16:01:35.932] [ERROR] index.ts - Invalid number: NaN
[2023-06-27T16:01:35.932] [ERROR] index.ts - Invalid date format!
[2023-06-27T16:01:35.932] [ERROR] index.ts - Invalid number: NaN
[2023-06-27T16:01:35.932] [ERROR] index.ts - Invalid date format!
[2023-06-27T16:01:35.932] [ERROR] index.ts - Invalid number: NaN
[2023-06-27T16:01:35.932] [ERROR] index.ts - Invalid date format!
[2023-06-27T16:01:35.933] [ERROR] index.ts - Invalid number: NaN
[2023-06-27T16:01:35.933] [ERROR] index.ts - Invalid date format!
[2023-06-27T16:01:35.933] [ERROR] index.ts - Invalid number: NaN
[2023-06-27T16:01:35.933] [ERROR] index.ts - Invalid date format!
[2023-06-27T16:01:35.933] [ERROR] index.ts - Invalid number: NaN
[2023-06-27T16:01:35.933] [ERROR] index.ts - Invalid date format!
[2023-06-27T16:01:35.933] [ERROR] index.ts - Invalid number: NaN
[2023-06-27T16:01:35.933] [ERROR] index.ts - Invalid date format!
[2023-06-27T16:01:35.934] [ERROR] index.ts - Invalid number: NaN
[2023-06-27T16:01:35.934] [ERROR] index.ts - Invalid date format!
[2023-06-27T16:01:35.934] [ERROR] index.ts - Invalid number: NaN
[2023-06-27T16:01:35.934] [ERROR] index.ts - Invalid date format!
[2023-06-27T16:01:35.934] [ERROR] index.ts - Invalid number: NaN
[2023-06-27T16:01:35.934] [ERROR] index.ts - Invalid date format!
[2023-06-27T16:01:35.934] [ERROR] index.ts - Invalid number: NaN
[2023-06-27T16:01:35.935] [ERROR] index.ts - Invalid date format!
[2023-06-27T16:01:35.935] [ERROR] index.ts - Invalid number: NaN
[2023-06-27T16:01:35.935] [ERROR] index.ts - Invalid date format!
[2023-06-27T16:01:35.935] [ERROR] index.ts - Invalid number: NaN
[2023-06-27T16:01:35.935] [ERROR] index.ts - Invalid date format!
[2023-06-27T16:01:35.935] [ERROR] index.ts - Invalid number: NaN
[2023-06-27T16:01:35.935] [ERROR] index.ts - Invalid date format!
[2023-06-27T16:01:35.936] [ERROR] index.ts - Invalid number: NaN
[2023-06-27T16:01:35.936] [ERROR] index.ts - Invalid date format!
[2023-06-27T16:01:35.936] [ERROR] index.ts - Invalid number: NaN
[2023-06-27T16:01:35.936] [ERROR] index.ts - Invalid date format!
[2023-06-27T16:01:35.936] [ERROR] index.ts - Invalid number: NaN
[2023-06-27T16:01:35.936] [ERROR] index.ts - Invalid date format!
[2023-06-27T16:01:35.937] [ERROR] index.ts - Invalid number: NaN
[2023-06-27T16:01:35.937] [ERROR] index.ts - Invalid date format!
[2023-06-27T16:01:35.937] [ERROR] index.ts - Invalid number: NaN
[2023-06-27T16:01:35.937] [ERROR] index.ts - Invalid date format!
[2023-06-27T16:01:35.937] [ERROR] index.ts - Invalid number: NaN
[2023-06-27T16:01:35.937] [ERROR] index.ts - Invalid date format!
[2023-06-27T16:01:35.937] [ERROR] index.ts - Invalid number: NaN
[2023-06-27T16:01:35.937] [ERROR] index.ts - Invalid date format!
[2023-06-27T16:01:35.938] [ERROR] index.ts - Invalid number: NaN
[2023-06-27T16:01:35.938] [ERROR] index.ts - Invalid date format!
[2023-06-27T16:01:35.938] [ERROR] index.ts - Invalid number: NaN
[2023-06-27T16:01:35.938] [ERROR] index.ts - Invalid date format!
[2023-06-27T16:01:35.939] [ERROR] index.ts - Invalid number: NaN
[2023-06-27T16:01:35.939] [ERROR] index.ts - Invalid date format!
[2023-06-27T16:01:35.939] [ERROR] index.ts - Invalid number: NaN
[2023-06-27T16:01:35.939] [ERROR] index.ts - Invalid date format!
[2023-06-27T16:01:35.939] [ERROR] index.ts - Invalid number: NaN
[2023-06-27T16:01:35.939] [ERROR] index.ts - Invalid date format!
[2023-06-27T16:01:35.940] [ERROR] index.ts - Invalid number: NaN
[2023-06-27T16:01:35.940] [ERROR] index.ts - Invalid date format!
[2023-06-27T16:01:35.940] [ERROR] index.ts - Invalid number: NaN
[2023-06-27T16:01:35.940] [ERROR] index.ts - Invalid date format!
[2023-06-27T16:01:35.940] [ERROR] index.ts - Invalid number: NaN
[2023-06-27T16:01:35.940] [ERROR] index.ts - Invalid date format!
[2023-06-27T16:01:35.940] [ERROR] index.ts - Invalid number: NaN
[2023-06-27T16:01:35.940] [ERROR] index.ts - Invalid date format!
[2023-06-27T16:01:35.941] [ERROR] index.ts - Invalid number: NaN
[2023-06-27T16:01:35.941] [ERROR] index.ts - Invalid date format!
[2023-06-27T16:01:35.941] [ERROR] index.ts - Invalid number: NaN
[2023-06-27T16:01:35.941] [ERROR] index.ts - Invalid date format!
[2023-06-27T16:01:35.941] [ERROR] index.ts - Invalid number: NaN
[2023-06-27T16:01:35.941] [ERROR] index.ts - Invalid date format!
[2023-06-27T16:01:35.942] [ERROR] index.ts - Invalid number: NaN
[2023-06-27T16:01:35.942] [ERROR] index.ts - Invalid date format!
[2023-06-27T16:01:35.942] [ERROR] index.ts - Invalid number: NaN
[2023-06-27T16:01:35.942] [ERROR] index.ts - Invalid date format!
[2023-06-27T16:01:35.942] [ERROR] index.ts - Invalid number: NaN
[2023-06-27T16:01:35.942] [ERROR] index.ts - Invalid date format!
[2023-06-27T16:01:35.942] [ERROR] index.ts - Invalid number: NaN
[2023-06-27T16:01:35.942] [ERROR] index.ts - Invalid date format!
[2023-06-27T16:01:35.944] [ERROR] index.ts - Invalid number: NaN
[2023-06-27T16:01:35.944] [ERROR] index.ts - Invalid date format!
[2023-06-27T16:01:48.339] [ERROR] index.ts - Invalid number: NaN
[2023-06-27T16:01:48.340] [ERROR] index.ts - Invalid date format!
[2023-06-27T16:01:48.341] [ERROR] index.ts - Invalid number: NaN
[2023-06-27T16:01:48.341] [ERROR] index.ts - Invalid date format!
[2023-06-27T16:01:48.341] [ERROR] index.ts - Invalid number: NaN
[2023-06-27T16:01:48.341] [ERROR] index.ts - Invalid date format!
[2023-06-27T16:01:48.342] [ERROR] index.ts - Invalid number: NaN
[2023-06-27T16:01:48.342] [ERROR] index.ts - Invalid date format!
[2023-06-27T16:01:48.342] [ERROR] index.ts - Invalid number: NaN
[2023-06-27T16:01:48.342] [ERROR] index.ts - Invalid date format!
[2023-06-27T16:01:48.342] [ERROR] index.ts - Invalid number: NaN
[2023-06-27T16:01:48.343] [ERROR] index.ts - Invalid date format!
[2023-06-27T16:01:48.343] [ERROR] index.ts - Invalid number: NaN
[2023-06-27T16:01:48.343] [ERROR] index.ts - Invalid date format!
[2023-06-27T16:01:48.343] [ERROR] index.ts - Invalid number: NaN
[2023-06-27T16:01:48.343] [ERROR] index.ts - Invalid date format!
[2023-06-27T16:01:48.344] [ERROR] index.ts - Invalid number: NaN
[2023-06-27T16:01:48.344] [ERROR] index.ts - Invalid date format!
[2023-06-27T16:01:48.344] [ERROR] index.ts - Invalid number: NaN
[2023-06-27T16:01:48.344] [ERROR] index.ts - Invalid date format!
[2023-06-27T16:01:48.344] [ERROR] index.ts - Invalid number: NaN
[2023-06-27T16:01:48.344] [ERROR] index.ts - Invalid date format!
[2023-06-27T16:01:48.344] [ERROR] index.ts - Invalid number: NaN
[2023-06-27T16:01:48.345] [ERROR] index.ts - Invalid date format!
[2023-06-27T16:01:48.345] [ERROR] index.ts - Invalid number: NaN
[2023-06-27T16:01:48.345] [ERROR] index.ts - Invalid date format!
[2023-06-27T16:01:48.345] [ERROR] index.ts - Invalid number: NaN
[2023-06-27T16:01:48.345] [ERROR] index.ts - Invalid date format!
[2023-06-27T16:01:48.345] [ERROR] index.ts - Invalid number: NaN
[2023-06-27T16:01:48.345] [ERROR] index.ts - Invalid date format!
[2023-06-27T16:01:48.346] [ERROR] index.ts - Invalid number: NaN
[2023-06-27T16:01:48.346] [ERROR] index.ts - Invalid date format!
[2023-06-27T16:01:48.346] [ERROR] index.ts - Invalid number: NaN
[2023-06-27T16:01:48.346] [ERROR] index.ts - Invalid date format!
[2023-06-27T16:01:48.346] [ERROR] index.ts - Invalid number: NaN
[2023-06-27T16:01:48.347] [ERROR] index.ts - Invalid date format!
[2023-06-27T16:01:48.347] [ERROR] index.ts - Invalid number: NaN
[2023-06-27T16:01:48.347] [ERROR] index.ts - Invalid date format!
[2023-06-27T16:01:48.347] [ERROR] index.ts - Invalid number: NaN
[2023-06-27T16:01:48.347] [ERROR] index.ts - Invalid date format!
[2023-06-27T16:01:48.347] [ERROR] index.ts - Invalid number: NaN
[2023-06-27T16:01:48.347] [ERROR] index.ts - Invalid date format!
[2023-06-27T16:01:48.348] [ERROR] index.ts - Invalid number: NaN
[2023-06-27T16:01:48.348] [ERROR] index.ts - Invalid date format!
[2023-06-27T16:01:48.348] [ERROR] index.ts - Invalid number: NaN
[2023-06-27T16:01:48.348] [ERROR] index.ts - Invalid date format!
[2023-06-27T16:01:48.348] [ERROR] index.ts - Invalid number: NaN
[2023-06-27T16:01:48.349] [ERROR] index.ts - Invalid date format!
[2023-06-27T16:01:48.349] [ERROR] index.ts - Invalid number: NaN
[2023-06-27T16:01:48.349] [ERROR] index.ts - Invalid date format!
[2023-06-27T16:01:48.349] [ERROR] index.ts - Invalid number: NaN
[2023-06-27T16:01:48.349] [ERROR] index.ts - Invalid date format!
[2023-06-27T16:01:48.349] [ERROR] index.ts - Invalid number: NaN
[2023-06-27T16:01:48.349] [ERROR] index.ts - Invalid date format!
[2023-06-27T16:01:48.350] [ERROR] index.ts - Invalid number: NaN
[2023-06-27T16:01:48.350] [ERROR] index.ts - Invalid date format!
[2023-06-27T16:01:48.350] [ERROR] index.ts - Invalid number: NaN
[2023-06-27T16:01:48.350] [ERROR] index.ts - Invalid date format!
[2023-06-27T16:01:48.350] [ERROR] index.ts - Invalid number: NaN
[2023-06-27T16:01:48.350] [ERROR] index.ts - Invalid date format!
[2023-06-27T16:01:48.350] [ERROR] index.ts - Invalid number: NaN
[2023-06-27T16:01:48.350] [ERROR] index.ts - Invalid date format!
[2023-06-27T16:01:48.351] [ERROR] index.ts - Invalid number: NaN
[2023-06-27T16:01:48.351] [ERROR] index.ts - Invalid date format!
[2023-06-27T16:01:48.351] [ERROR] index.ts - Invalid number: NaN
[2023-06-27T16:01:48.351] [ERROR] index.ts - Invalid date format!
[2023-06-27T16:01:48.351] [ERROR] index.ts - Invalid number: NaN
[2023-06-27T16:01:48.351] [ERROR] index.ts - Invalid date format!
[2023-06-27T16:01:48.351] [ERROR] index.ts - Invalid number: NaN
[2023-06-27T16:01:48.352] [ERROR] index.ts - Invalid date format!
[2023-06-27T16:01:48.352] [ERROR] index.ts - Invalid number: NaN
[2023-06-27T16:01:48.352] [ERROR] index.ts - Invalid date format!
[2023-06-27T16:01:48.352] [ERROR] index.ts - Invalid number: NaN
[2023-06-27T16:01:48.352] [ERROR] index.ts - Invalid date format!
[2023-06-27T16:01:48.352] [ERROR] index.ts - Invalid number: NaN
[2023-06-27T16:01:48.352] [ERROR] index.ts - Invalid date format!
[2023-06-27T16:01:48.353] [ERROR] index.ts - Invalid number: NaN
[2023-06-27T16:01:48.353] [ERROR] index.ts - Invalid date format!
[2023-06-27T16:01:48.353] [ERROR] index.ts - Invalid number: NaN
[2023-06-27T16:01:48.353] [ERROR] index.ts - Invalid date format!
[2023-06-27T16:01:48.353] [ERROR] index.ts - Invalid number: NaN
[2023-06-27T16:01:48.353] [ERROR] index.ts - Invalid date format!
[2023-06-27T16:01:48.353] [ERROR] index.ts - Invalid number: NaN
[2023-06-27T16:01:48.354] [ERROR] index.ts - Invalid date format!
[2023-06-27T16:01:48.354] [ERROR] index.ts - Invalid number: NaN
[2023-06-27T16:01:48.354] [ERROR] index.ts - Invalid date format!
[2023-06-27T16:01:48.354] [ERROR] index.ts - Invalid number: NaN
[2023-06-27T16:01:48.354] [ERROR] index.ts - Invalid date format!
[2023-06-27T16:01:48.354] [ERROR] index.ts - Invalid number: NaN
[2023-06-27T16:01:48.354] [ERROR] index.ts - Invalid date format!
[2023-06-27T16:01:48.354] [ERROR] index.ts - Invalid number: NaN
[2023-06-27T16:01:48.355] [ERROR] index.ts - Invalid date format!
[2023-06-27T16:01:48.355] [ERROR] index.ts - Invalid number: NaN
[2023-06-27T16:01:48.355] [ERROR] index.ts - Invalid date format!
[2023-06-27T16:01:48.355] [ERROR] index.ts - Invalid number: NaN
[2023-06-27T16:01:48.355] [ERROR] index.ts - Invalid date format!
[2023-06-27T16:01:48.355] [ERROR] index.ts - Invalid number: NaN
[2023-06-27T16:01:48.355] [ERROR] index.ts - Invalid date format!
[2023-06-27T16:01:48.355] [ERROR] index.ts - Invalid number: NaN
[2023-06-27T16:01:48.355] [ERROR] index.ts - Invalid date format!
[2023-06-27T16:01:48.356] [ERROR] index.ts - Invalid number: NaN
[2023-06-27T16:01:48.356] [ERROR] index.ts - Invalid date format!
[2023-06-27T16:01:48.356] [ERROR] index.ts - Invalid number: NaN
[2023-06-27T16:01:48.356] [ERROR] index.ts - Invalid date format!
[2023-06-27T16:01:48.356] [ERROR] index.ts - Invalid number: NaN
[2023-06-27T16:01:48.356] [ERROR] index.ts - Invalid date format!
[2023-06-27T16:01:48.357] [ERROR] index.ts - Invalid number: NaN
[2023-06-27T16:01:48.357] [ERROR] index.ts - Invalid date format!
[2023-06-27T16:01:48.357] [ERROR] index.ts - Invalid number: NaN
[2023-06-27T16:01:48.357] [ERROR] index.ts - Invalid date format!
[2023-06-27T16:01:48.357] [ERROR] index.ts - Invalid number: NaN
[2023-06-27T16:01:48.357] [ERROR] index.ts - Invalid date format!
[2023-06-27T16:01:48.357] [ERROR] index.ts - Invalid number: NaN
[2023-06-27T16:01:48.357] [ERROR] index.ts - Invalid date format!
[2023-06-27T16:01:48.358] [ERROR] index.ts - Invalid number: NaN
[2023-06-27T16:01:48.358] [ERROR] index.ts - Invalid date format!
[2023-06-27T16:01:48.358] [ERROR] index.ts - Invalid number: NaN
[2023-06-27T16:01:48.358] [ERROR] index.ts - Invalid date format!
[2023-06-27T16:01:48.358] [ERROR] index.ts - Invalid number: NaN
[2023-06-27T16:01:48.358] [ERROR] index.ts - Invalid date format!
[2023-06-27T16:01:48.358] [ERROR] index.ts - Invalid number: NaN
[2023-06-27T16:01:48.359] [ERROR] index.ts - Invalid date format!
[2023-06-27T16:01:48.359] [ERROR] index.ts - Invalid number: NaN
[2023-06-27T16:01:48.359] [ERROR] index.ts - Invalid date format!
[2023-06-27T16:01:48.359] [ERROR] index.ts - Invalid number: NaN
[2023-06-27T16:01:48.359] [ERROR] index.ts - Invalid date format!
[2023-06-27T16:01:48.359] [ERROR] index.ts - Invalid number: NaN
[2023-06-27T16:01:48.359] [ERROR] index.ts - Invalid date format!
[2023-06-27T16:01:48.359] [ERROR] index.ts - Invalid number: NaN
[2023-06-27T16:01:48.360] [ERROR] index.ts - Invalid date format!
[2023-06-27T16:01:48.360] [ERROR] index.ts - Invalid number: NaN
[2023-06-27T16:01:48.360] [ERROR] index.ts - Invalid date format!
[2023-06-27T16:01:48.360] [ERROR] index.ts - Invalid number: NaN
[2023-06-27T16:01:48.360] [ERROR] index.ts - Invalid date format!
[2023-06-27T16:01:48.361] [ERROR] index.ts - Invalid number: NaN
[2023-06-27T16:01:48.361] [ERROR] index.ts - Invalid date format!
[2023-06-27T16:01:48.361] [ERROR] index.ts - Invalid number: NaN
[2023-06-27T16:01:48.361] [ERROR] index.ts - Invalid date format!
[2023-06-27T16:01:48.361] [ERROR] index.ts - Invalid number: NaN
[2023-06-27T16:01:48.361] [ERROR] index.ts - Invalid date format!
[2023-06-27T16:01:48.361] [ERROR] index.ts - Invalid number: NaN
[2023-06-27T16:01:48.361] [ERROR] index.ts - Invalid date format!
[2023-06-27T16:01:48.362] [ERROR] index.ts - Invalid number: NaN
[2023-06-27T16:01:48.362] [ERROR] index.ts - Invalid date format!
[2023-06-27T16:01:48.362] [ERROR] index.ts - Invalid number: NaN
[2023-06-27T16:01:48.362] [ERROR] index.ts - Invalid date format!
[2023-06-27T16:01:48.362] [ERROR] index.ts - Invalid number: NaN
[2023-06-27T16:01:48.362] [ERROR] index.ts - Invalid date format!
[2023-06-27T16:01:48.363] [ERROR] index.ts - Invalid number: NaN
[2023-06-27T16:01:48.363] [ERROR] index.ts - Invalid date format!
[2023-06-27T16:01:48.363] [ERROR] index.ts - Invalid number: NaN
[2023-06-27T16:01:48.363] [ERROR] index.ts - Invalid date format!
[2023-06-27T16:01:48.363] [ERROR] index.ts - Invalid number: NaN
[2023-06-27T16:01:48.363] [ERROR] index.ts - Invalid date format!
[2023-06-27T16:01:48.363] [ERROR] index.ts - Invalid number: NaN
[2023-06-27T16:01:48.363] [ERROR] index.ts - Invalid date format!
[2023-06-27T16:01:48.364] [ERROR] index.ts - Invalid number: NaN
[2023-06-27T16:01:48.364] [ERROR] index.ts - Invalid date format!
[2023-06-27T16:01:48.364] [ERROR] index.ts - Invalid number: NaN
[2023-06-27T16:01:48.364] [ERROR] index.ts - Invalid date format!
[2023-06-27T16:01:48.364] [ERROR] index.ts - Invalid number: NaN
[2023-06-27T16:01:48.364] [ERROR] index.ts - Invalid date format!
[2023-06-27T16:01:48.364] [ERROR] index.ts - Invalid number: NaN
[2023-06-27T16:01:48.365] [ERROR] index.ts - Invalid date format!
[2023-06-27T16:01:48.365] [ERROR] index.ts - Invalid number: NaN
[2023-06-27T16:01:48.365] [ERROR] index.ts - Invalid date format!
[2023-06-27T16:01:48.365] [ERROR] index.ts - Invalid number: NaN
[2023-06-27T16:01:48.365] [ERROR] index.ts - Invalid date format!
[2023-06-27T16:01:48.365] [ERROR] index.ts - Invalid number: NaN
[2023-06-27T16:01:48.365] [ERROR] index.ts - Invalid date format!
[2023-06-27T16:01:48.366] [ERROR] index.ts - Invalid number: NaN
[2023-06-27T16:01:48.366] [ERROR] index.ts - Invalid date format!
[2023-06-27T16:01:48.366] [ERROR] index.ts - Invalid number: NaN
[2023-06-27T16:01:48.366] [ERROR] index.ts - Invalid date format!
[2023-06-27T16:01:48.366] [ERROR] index.ts - Invalid number: NaN
[2023-06-27T16:01:48.366] [ERROR] index.ts - Invalid date format!
[2023-06-27T16:01:48.366] [ERROR] index.ts - Invalid number: NaN
[2023-06-27T16:01:48.367] [ERROR] index.ts - Invalid date format!
[2023-06-27T16:01:48.367] [ERROR] index.ts - Invalid number: NaN
[2023-06-27T16:01:48.367] [ERROR] index.ts - Invalid date format!
[2023-06-27T16:01:48.367] [ERROR] index.ts - Invalid number: NaN
[2023-06-27T16:01:48.367] [ERROR] index.ts - Invalid date format!
[2023-06-27T16:01:48.367] [ERROR] index.ts - Invalid number: NaN
[2023-06-27T16:01:48.367] [ERROR] index.ts - Invalid date format!
[2023-06-27T16:01:48.368] [ERROR] index.ts - Invalid number: NaN
[2023-06-27T16:01:48.368] [ERROR] index.ts - Invalid date format!
[2023-06-27T16:01:48.368] [ERROR] index.ts - Invalid number: NaN
[2023-06-27T16:01:48.369] [ERROR] index.ts - Invalid date format!
[2023-06-27T16:01:48.369] [ERROR] index.ts - Invalid number: NaN
[2023-06-27T16:01:48.369] [ERROR] index.ts - Invalid date format!
[2023-06-27T16:01:48.369] [ERROR] index.ts - Invalid number: NaN
[2023-06-27T16:01:48.370] [ERROR] index.ts - Invalid date format!
[2023-06-27T16:01:48.370] [ERROR] index.ts - Invalid number: NaN
[2023-06-27T16:01:48.370] [ERROR] index.ts - Invalid date format!
[2023-06-27T16:01:48.370] [ERROR] index.ts - Invalid number: NaN
[2023-06-27T16:01:48.370] [ERROR] index.ts - Invalid date format!
[2023-06-27T16:01:48.370] [ERROR] index.ts - Invalid number: NaN
[2023-06-27T16:01:48.370] [ERROR] index.ts - Invalid date format!
[2023-06-27T16:01:48.371] [ERROR] index.ts - Invalid number: NaN
[2023-06-27T16:01:48.371] [ERROR] index.ts - Invalid date format!
[2023-06-27T16:01:48.371] [ERROR] index.ts - Invalid number: NaN
[2023-06-27T16:01:48.371] [ERROR] index.ts - Invalid date format!
[2023-06-27T16:01:48.371] [ERROR] index.ts - Invalid number: NaN
[2023-06-27T16:01:48.371] [ERROR] index.ts - Invalid date format!
[2023-06-27T16:01:48.371] [ERROR] index.ts - Invalid number: NaN
[2023-06-27T16:01:48.371] [ERROR] index.ts - Invalid date format!
[2023-06-27T16:01:48.372] [ERROR] index.ts - Invalid number: NaN
[2023-06-27T16:01:48.372] [ERROR] index.ts - Invalid date format!
[2023-06-27T16:01:48.372] [ERROR] index.ts - Invalid number: NaN
[2023-06-27T16:01:48.372] [ERROR] index.ts - Invalid date format!
[2023-06-27T16:01:48.372] [ERROR] index.ts - Invalid number: NaN
[2023-06-27T16:01:48.372] [ERROR] index.ts - Invalid date format!
[2023-06-27T16:01:48.372] [ERROR] index.ts - Invalid number: NaN
[2023-06-27T16:01:48.372] [ERROR] index.ts - Invalid date format!
[2023-06-27T16:01:48.373] [ERROR] index.ts - Invalid number: NaN
[2023-06-27T16:01:48.373] [ERROR] index.ts - Invalid date format!
[2023-06-27T16:01:48.373] [ERROR] index.ts - Invalid number: NaN
[2023-06-27T16:01:48.373] [ERROR] index.ts - Invalid date format!
[2023-06-27T16:01:48.373] [ERROR] index.ts - Invalid number: NaN
[2023-06-27T16:01:48.373] [ERROR] index.ts - Invalid date format!
[2023-06-27T16:01:48.374] [ERROR] index.ts - Invalid number: NaN
[2023-06-27T16:01:48.374] [ERROR] index.ts - Invalid date format!
[2023-06-27T16:01:48.374] [ERROR] index.ts - Invalid number: NaN
[2023-06-27T16:01:48.374] [ERROR] index.ts - Invalid date format!
[2023-06-27T16:01:48.374] [ERROR] index.ts - Invalid number: NaN
[2023-06-27T16:01:48.374] [ERROR] index.ts - Invalid date format!
[2023-06-27T16:01:48.374] [ERROR] index.ts - Invalid number: NaN
[2023-06-27T16:01:48.374] [ERROR] index.ts - Invalid date format!
[2023-06-27T16:01:48.375] [ERROR] index.ts - Invalid number: NaN
[2023-06-27T16:01:48.375] [ERROR] index.ts - Invalid date format!
[2023-06-27T16:01:48.375] [ERROR] index.ts - Invalid number: NaN
[2023-06-27T16:01:48.375] [ERROR] index.ts - Invalid date format!
[2023-06-27T16:01:48.375] [ERROR] index.ts - Invalid number: NaN
[2023-06-27T16:01:48.375] [ERROR] index.ts - Invalid date format!
[2023-06-27T16:01:48.375] [ERROR] index.ts - Invalid number: NaN
[2023-06-27T16:01:48.375] [ERROR] index.ts - Invalid date format!
[2023-06-27T16:01:48.376] [ERROR] index.ts - Invalid number: NaN
[2023-06-27T16:01:48.376] [ERROR] index.ts - Invalid date format!
[2023-06-27T16:01:48.376] [ERROR] index.ts - Invalid number: NaN
[2023-06-27T16:01:48.376] [ERROR] index.ts - Invalid date format!
[2023-06-27T16:01:48.376] [ERROR] index.ts - Invalid number: NaN
[2023-06-27T16:01:48.376] [ERROR] index.ts - Invalid date format!
[2023-06-27T16:01:48.376] [ERROR] index.ts - Invalid number: NaN
[2023-06-27T16:01:48.377] [ERROR] index.ts - Invalid date format!
[2023-06-27T16:01:48.377] [ERROR] index.ts - Invalid number: NaN
[2023-06-27T16:01:48.377] [ERROR] index.ts - Invalid date format!
[2023-06-27T16:01:48.377] [ERROR] index.ts - Invalid number: NaN
[2023-06-27T16:01:48.377] [ERROR] index.ts - Invalid date format!
[2023-06-27T16:01:48.377] [ERROR] index.ts - Invalid number: NaN
[2023-06-27T16:01:48.378] [ERROR] index.ts - Invalid date format!
[2023-06-27T16:01:48.378] [ERROR] index.ts - Invalid number: NaN
[2023-06-27T16:01:48.378] [ERROR] index.ts - Invalid date format!
[2023-06-27T16:01:48.378] [ERROR] index.ts - Invalid number: NaN
[2023-06-27T16:01:48.378] [ERROR] index.ts - Invalid date format!
[2023-06-27T16:01:48.378] [ERROR] index.ts - Invalid number: NaN
[2023-06-27T16:01:48.378] [ERROR] index.ts - Invalid date format!
[2023-06-27T16:01:48.379] [ERROR] index.ts - Invalid number: NaN
[2023-06-27T16:01:48.379] [ERROR] index.ts - Invalid date format!
[2023-06-27T16:01:48.379] [ERROR] index.ts - Invalid number: NaN
[2023-06-27T16:01:48.379] [ERROR] index.ts - Invalid date format!
[2023-06-27T16:01:48.379] [ERROR] index.ts - Invalid number: NaN
[2023-06-27T16:01:48.379] [ERROR] index.ts - Invalid date format!
[2023-06-27T16:01:48.380] [ERROR] index.ts - Invalid number: NaN
[2023-06-27T16:01:48.380] [ERROR] index.ts - Invalid date format!
[2023-06-27T16:01:48.380] [ERROR] index.ts - Invalid number: NaN
[2023-06-27T16:01:48.380] [ERROR] index.ts - Invalid date format!
[2023-06-27T16:01:48.380] [ERROR] index.ts - Invalid number: NaN
[2023-06-27T16:01:48.380] [ERROR] index.ts - Invalid date format!
[2023-06-27T16:01:48.381] [ERROR] index.ts - Invalid number: NaN
[2023-06-27T16:01:48.381] [ERROR] index.ts - Invalid date format!
[2023-06-27T16:01:48.381] [ERROR] index.ts - Invalid number: NaN
[2023-06-27T16:01:48.381] [ERROR] index.ts - Invalid date format!
[2023-06-27T16:01:48.381] [ERROR] index.ts - Invalid number: NaN
[2023-06-27T16:01:48.381] [ERROR] index.ts - Invalid date format!
[2023-06-27T16:01:48.382] [ERROR] index.ts - Invalid number: NaN
[2023-06-27T16:01:48.382] [ERROR] index.ts - Invalid date format!
[2023-06-27T16:01:48.382] [ERROR] index.ts - Invalid number: NaN
[2023-06-27T16:01:48.382] [ERROR] index.ts - Invalid date format!
[2023-06-27T16:01:48.382] [ERROR] index.ts - Invalid number: NaN
[2023-06-27T16:01:48.382] [ERROR] index.ts - Invalid date format!
[2023-06-27T16:01:48.383] [ERROR] index.ts - Invalid number: NaN
[2023-06-27T16:01:48.383] [ERROR] index.ts - Invalid date format!
[2023-06-27T16:01:48.383] [ERROR] index.ts - Invalid number: NaN
[2023-06-27T16:01:48.383] [ERROR] index.ts - Invalid date format!
[2023-06-27T16:01:48.383] [ERROR] index.ts - Invalid number: NaN
[2023-06-27T16:01:48.383] [ERROR] index.ts - Invalid date format!
[2023-06-27T16:01:48.384] [ERROR] index.ts - Invalid number: NaN
[2023-06-27T16:01:48.384] [ERROR] index.ts - Invalid date format!
[2023-06-27T16:01:48.384] [ERROR] index.ts - Invalid number: NaN
[2023-06-27T16:01:48.384] [ERROR] index.ts - Invalid date format!
[2023-06-27T16:01:48.384] [ERROR] index.ts - Invalid number: NaN
[2023-06-27T16:01:48.384] [ERROR] index.ts - Invalid date format!
[2023-06-27T16:01:48.385] [ERROR] index.ts - Invalid number: NaN
[2023-06-27T16:01:48.385] [ERROR] index.ts - Invalid date format!
[2023-06-27T16:01:48.386] [ERROR] index.ts - Invalid number: NaN
[2023-06-27T16:01:48.386] [ERROR] index.ts - Invalid date format!
[2023-06-27T16:02:12.188] [ERROR] index.ts - Invalid number: NaN
[2023-06-27T16:02:12.189] [ERROR] index.ts - Invalid date format!
[2023-06-27T16:02:12.191] [ERROR] index.ts - Invalid number: NaN
[2023-06-27T16:02:12.191] [ERROR] index.ts - Invalid date format!
[2023-06-27T16:02:12.192] [ERROR] index.ts - Invalid number: NaN
[2023-06-27T16:02:12.193] [ERROR] index.ts - Invalid date format!
[2023-06-27T16:02:12.194] [ERROR] index.ts - Invalid number: NaN
[2023-06-27T16:02:12.195] [ERROR] index.ts - Invalid date format!
[2023-06-27T16:02:12.197] [ERROR] index.ts - Invalid number: NaN
[2023-06-27T16:02:12.198] [ERROR] index.ts - Invalid date format!
[2023-06-27T16:02:12.201] [ERROR] index.ts - Invalid number: NaN
[2023-06-27T16:02:12.201] [ERROR] index.ts - Invalid date format!
[2023-06-27T16:02:12.205] [ERROR] index.ts - Invalid number: NaN
[2023-06-27T16:02:12.205] [ERROR] index.ts - Invalid date format!
[2023-06-27T16:02:12.209] [ERROR] index.ts - Invalid number: NaN
[2023-06-27T16:02:12.209] [ERROR] index.ts - Invalid date format!
[2023-06-27T16:02:12.214] [ERROR] index.ts - Invalid number: NaN
[2023-06-27T16:02:12.214] [ERROR] index.ts - Invalid date format!
[2023-06-27T16:02:12.219] [ERROR] index.ts - Invalid number: NaN
[2023-06-27T16:02:12.220] [ERROR] index.ts - Invalid date format!
[2023-06-27T16:02:12.225] [ERROR] index.ts - Invalid number: NaN
[2023-06-27T16:02:12.225] [ERROR] index.ts - Invalid date format!
[2023-06-27T16:02:12.230] [ERROR] index.ts - Invalid number: NaN
[2023-06-27T16:02:12.230] [ERROR] index.ts - Invalid date format!
[2023-06-27T16:02:12.236] [ERROR] index.ts - Invalid number: NaN
[2023-06-27T16:02:12.236] [ERROR] index.ts - Invalid date format!
[2023-06-27T16:02:12.243] [ERROR] index.ts - Invalid number: NaN
[2023-06-27T16:02:12.243] [ERROR] index.ts - Invalid date format!
[2023-06-27T16:02:12.249] [ERROR] index.ts - Invalid number: NaN
[2023-06-27T16:02:12.249] [ERROR] index.ts - Invalid date format!
[2023-06-27T16:02:12.257] [ERROR] index.ts - Invalid number: NaN
[2023-06-27T16:02:12.257] [ERROR] index.ts - Invalid date format!
[2023-06-27T16:02:12.265] [ERROR] index.ts - Invalid number: NaN
[2023-06-27T16:02:12.265] [ERROR] index.ts - Invalid date format!
[2023-06-27T16:02:12.272] [ERROR] index.ts - Invalid number: NaN
[2023-06-27T16:02:12.272] [ERROR] index.ts - Invalid date format!
[2023-06-27T16:02:12.281] [ERROR] index.ts - Invalid number: NaN
[2023-06-27T16:02:12.281] [ERROR] index.ts - Invalid date format!
[2023-06-27T16:02:12.289] [ERROR] index.ts - Invalid number: NaN
[2023-06-27T16:02:12.289] [ERROR] index.ts - Invalid date format!
[2023-06-27T16:02:12.298] [ERROR] index.ts - Invalid number: NaN
[2023-06-27T16:02:12.298] [ERROR] index.ts - Invalid date format!
[2023-06-27T16:02:12.307] [ERROR] index.ts - Invalid number: NaN
[2023-06-27T16:02:12.307] [ERROR] index.ts - Invalid date format!
[2023-06-27T16:02:12.316] [ERROR] index.ts - Invalid number: NaN
[2023-06-27T16:02:12.316] [ERROR] index.ts - Invalid date format!
[2023-06-27T16:02:12.327] [ERROR] index.ts - Invalid number: NaN
[2023-06-27T16:02:12.328] [ERROR] index.ts - Invalid date format!
[2023-06-27T16:02:12.337] [ERROR] index.ts - Invalid number: NaN
[2023-06-27T16:02:12.338] [ERROR] index.ts - Invalid date format!
[2023-06-27T16:02:12.348] [ERROR] index.ts - Invalid number: NaN
[2023-06-27T16:02:12.348] [ERROR] index.ts - Invalid date format!
[2023-06-27T16:02:12.358] [ERROR] index.ts - Invalid number: NaN
[2023-06-27T16:02:12.359] [ERROR] index.ts - Invalid date format!
[2023-06-27T16:02:12.371] [ERROR] index.ts - Invalid number: NaN
[2023-06-27T16:02:12.371] [ERROR] index.ts - Invalid date format!
[2023-06-27T16:02:12.382] [ERROR] index.ts - Invalid number: NaN
[2023-06-27T16:02:12.383] [ERROR] index.ts - Invalid date format!
[2023-06-27T16:02:12.394] [ERROR] index.ts - Invalid number: NaN
[2023-06-27T16:02:12.394] [ERROR] index.ts - Invalid date format!
[2023-06-27T16:02:12.406] [ERROR] index.ts - Invalid number: NaN
[2023-06-27T16:02:12.407] [ERROR] index.ts - Invalid date format!
[2023-06-27T16:02:12.419] [ERROR] index.ts - Invalid number: NaN
[2023-06-27T16:02:12.419] [ERROR] index.ts - Invalid date format!
[2023-06-27T16:02:12.432] [ERROR] index.ts - Invalid number: NaN
[2023-06-27T16:02:12.432] [ERROR] index.ts - Invalid date format!
[2023-06-27T16:02:12.445] [ERROR] index.ts - Invalid number: NaN
[2023-06-27T16:02:12.445] [ERROR] index.ts - Invalid date format!
[2023-06-27T16:02:12.458] [ERROR] index.ts - Invalid number: NaN
[2023-06-27T16:02:12.458] [ERROR] index.ts - Invalid date format!
[2023-06-27T16:02:12.473] [ERROR] index.ts - Invalid number: NaN
[2023-06-27T16:02:12.473] [ERROR] index.ts - Invalid date format!
[2023-06-27T16:02:12.488] [ERROR] index.ts - Invalid number: NaN
[2023-06-27T16:02:12.488] [ERROR] index.ts - Invalid date format!
[2023-06-27T16:02:12.503] [ERROR] index.ts - Invalid number: NaN
[2023-06-27T16:02:12.503] [ERROR] index.ts - Invalid date format!
[2023-06-27T16:02:12.518] [ERROR] index.ts - Invalid number: NaN
[2023-06-27T16:02:12.518] [ERROR] index.ts - Invalid date format!
[2023-06-27T16:02:12.535] [ERROR] index.ts - Invalid number: NaN
[2023-06-27T16:02:12.535] [ERROR] index.ts - Invalid date format!
[2023-06-27T16:02:12.551] [ERROR] index.ts - Invalid number: NaN
[2023-06-27T16:02:12.551] [ERROR] index.ts - Invalid date format!
[2023-06-27T16:02:12.567] [ERROR] index.ts - Invalid number: NaN
[2023-06-27T16:02:12.568] [ERROR] index.ts - Invalid date format!
[2023-06-27T16:02:12.584] [ERROR] index.ts - Invalid number: NaN
[2023-06-27T16:02:12.584] [ERROR] index.ts - Invalid date format!
[2023-06-27T16:02:12.600] [ERROR] index.ts - Invalid number: NaN
[2023-06-27T16:02:12.601] [ERROR] index.ts - Invalid date format!
[2023-06-27T16:02:12.620] [ERROR] index.ts - Invalid number: NaN
[2023-06-27T16:02:12.620] [ERROR] index.ts - Invalid date format!
[2023-06-27T16:02:12.637] [ERROR] index.ts - Invalid number: NaN
[2023-06-27T16:02:12.638] [ERROR] index.ts - Invalid date format!
[2023-06-27T16:02:12.655] [ERROR] index.ts - Invalid number: NaN
[2023-06-27T16:02:12.655] [ERROR] index.ts - Invalid date format!
[2023-06-27T16:02:12.673] [ERROR] index.ts - Invalid number: NaN
[2023-06-27T16:02:12.673] [ERROR] index.ts - Invalid date format!
[2023-06-27T16:02:12.692] [ERROR] index.ts - Invalid number: NaN
[2023-06-27T16:02:12.692] [ERROR] index.ts - Invalid date format!
[2023-06-27T16:02:12.711] [ERROR] index.ts - Invalid number: NaN
[2023-06-27T16:02:12.712] [ERROR] index.ts - Invalid date format!
[2023-06-27T16:02:12.731] [ERROR] index.ts - Invalid number: NaN
[2023-06-27T16:02:12.731] [ERROR] index.ts - Invalid date format!
[2023-06-27T16:02:12.751] [ERROR] index.ts - Invalid number: NaN
[2023-06-27T16:02:12.751] [ERROR] index.ts - Invalid date format!
[2023-06-27T16:02:12.771] [ERROR] index.ts - Invalid number: NaN
[2023-06-27T16:02:12.771] [ERROR] index.ts - Invalid date format!
[2023-06-27T16:02:12.793] [ERROR] index.ts - Invalid number: NaN
[2023-06-27T16:02:12.793] [ERROR] index.ts - Invalid date format!
[2023-06-27T16:02:12.814] [ERROR] index.ts - Invalid number: NaN
[2023-06-27T16:02:12.814] [ERROR] index.ts - Invalid date format!
[2023-06-27T16:02:12.835] [ERROR] index.ts - Invalid number: NaN
[2023-06-27T16:02:12.835] [ERROR] index.ts - Invalid date format!
[2023-06-27T16:02:12.856] [ERROR] index.ts - Invalid number: NaN
[2023-06-27T16:02:12.857] [ERROR] index.ts - Invalid date format!
[2023-06-27T16:02:12.880] [ERROR] index.ts - Invalid number: NaN
[2023-06-27T16:02:12.880] [ERROR] index.ts - Invalid date format!
[2023-06-27T16:02:12.902] [ERROR] index.ts - Invalid number: NaN
[2023-06-27T16:02:12.903] [ERROR] index.ts - Invalid date format!
[2023-06-27T16:02:12.925] [ERROR] index.ts - Invalid number: NaN
[2023-06-27T16:02:12.925] [ERROR] index.ts - Invalid date format!
[2023-06-27T16:02:12.948] [ERROR] index.ts - Invalid number: NaN
[2023-06-27T16:02:12.948] [ERROR] index.ts - Invalid date format!
[2023-06-27T16:02:12.971] [ERROR] index.ts - Invalid number: NaN
[2023-06-27T16:02:12.972] [ERROR] index.ts - Invalid date format!
[2023-06-27T16:02:12.995] [ERROR] index.ts - Invalid number: NaN
[2023-06-27T16:02:12.996] [ERROR] index.ts - Invalid date format!
[2023-06-27T16:02:13.022] [ERROR] index.ts - Invalid number: NaN
[2023-06-27T16:02:13.023] [ERROR] index.ts - Invalid date format!
[2023-06-27T16:02:13.049] [ERROR] index.ts - Invalid number: NaN
[2023-06-27T16:02:13.049] [ERROR] index.ts - Invalid date format!
[2023-06-27T16:02:13.074] [ERROR] index.ts - Invalid number: NaN
[2023-06-27T16:02:13.074] [ERROR] index.ts - Invalid date format!
[2023-06-27T16:02:13.099] [ERROR] index.ts - Invalid number: NaN
[2023-06-27T16:02:13.100] [ERROR] index.ts - Invalid date format!
[2023-06-27T16:02:13.125] [ERROR] index.ts - Invalid number: NaN
[2023-06-27T16:02:13.126] [ERROR] index.ts - Invalid date format!
[2023-06-27T16:02:13.151] [ERROR] index.ts - Invalid number: NaN
[2023-06-27T16:02:13.152] [ERROR] index.ts - Invalid date format!
[2023-06-27T16:02:13.178] [ERROR] index.ts - Invalid number: NaN
[2023-06-27T16:02:13.178] [ERROR] index.ts - Invalid date format!
[2023-06-27T16:02:13.205] [ERROR] index.ts - Invalid number: NaN
[2023-06-27T16:02:13.206] [ERROR] index.ts - Invalid date format!
[2023-06-27T16:02:13.232] [ERROR] index.ts - Invalid number: NaN
[2023-06-27T16:02:13.232] [ERROR] index.ts - Invalid date format!
[2023-06-27T16:02:13.261] [ERROR] index.ts - Invalid number: NaN
[2023-06-27T16:02:13.261] [ERROR] index.ts - Invalid date format!
[2023-06-27T16:02:13.289] [ERROR] index.ts - Invalid number: NaN
[2023-06-27T16:02:13.289] [ERROR] index.ts - Invalid date format!
[2023-06-27T16:02:13.317] [ERROR] index.ts - Invalid number: NaN
[2023-06-27T16:02:13.317] [ERROR] index.ts - Invalid date format!
[2023-06-27T16:02:13.346] [ERROR] index.ts - Invalid number: NaN
[2023-06-27T16:02:13.346] [ERROR] index.ts - Invalid date format!
[2023-06-27T16:02:13.375] [ERROR] index.ts - Invalid number: NaN
[2023-06-27T16:02:13.375] [ERROR] index.ts - Invalid date format!
[2023-06-27T16:02:13.405] [ERROR] index.ts - Invalid number: NaN
[2023-06-27T16:02:13.405] [ERROR] index.ts - Invalid date format!
[2023-06-27T16:02:13.435] [ERROR] index.ts - Invalid number: NaN
[2023-06-27T16:02:13.435] [ERROR] index.ts - Invalid date format!
[2023-06-27T16:02:13.465] [ERROR] index.ts - Invalid number: NaN
[2023-06-27T16:02:13.465] [ERROR] index.ts - Invalid date format!
[2023-06-27T16:02:13.496] [ERROR] index.ts - Invalid number: NaN
[2023-06-27T16:02:13.496] [ERROR] index.ts - Invalid date format!
[2023-06-27T16:02:13.527] [ERROR] index.ts - Invalid number: NaN
[2023-06-27T16:02:13.527] [ERROR] index.ts - Invalid date format!
[2023-06-27T16:02:13.558] [ERROR] index.ts - Invalid number: NaN
[2023-06-27T16:02:13.558] [ERROR] index.ts - Invalid date format!
[2023-06-27T16:02:13.590] [ERROR] index.ts - Invalid number: NaN
[2023-06-27T16:02:13.590] [ERROR] index.ts - Invalid date format!
[2023-06-27T16:02:13.622] [ERROR] index.ts - Invalid number: NaN
[2023-06-27T16:02:13.622] [ERROR] index.ts - Invalid date format!
[2023-06-27T16:02:13.654] [ERROR] index.ts - Invalid number: NaN
[2023-06-27T16:02:13.655] [ERROR] index.ts - Invalid date format!
[2023-06-27T16:02:13.687] [ERROR] index.ts - Invalid number: NaN
[2023-06-27T16:02:13.687] [ERROR] index.ts - Invalid date format!
[2023-06-27T16:02:13.720] [ERROR] index.ts - Invalid number: NaN
[2023-06-27T16:02:13.720] [ERROR] index.ts - Invalid date format!
[2023-06-27T16:02:13.754] [ERROR] index.ts - Invalid number: NaN
[2023-06-27T16:02:13.754] [ERROR] index.ts - Invalid date format!
[2023-06-27T16:02:13.788] [ERROR] index.ts - Invalid number: NaN
[2023-06-27T16:02:13.788] [ERROR] index.ts - Invalid date format!
[2023-06-27T16:02:13.822] [ERROR] index.ts - Invalid number: NaN
[2023-06-27T16:02:13.822] [ERROR] index.ts - Invalid date format!
[2023-06-27T16:02:13.856] [ERROR] index.ts - Invalid number: NaN
[2023-06-27T16:02:13.856] [ERROR] index.ts - Invalid date format!
[2023-06-27T16:02:13.891] [ERROR] index.ts - Invalid number: NaN
[2023-06-27T16:02:13.891] [ERROR] index.ts - Invalid date format!
[2023-06-27T16:02:13.926] [ERROR] index.ts - Invalid number: NaN
[2023-06-27T16:02:13.927] [ERROR] index.ts - Invalid date format!
[2023-06-27T16:02:13.964] [ERROR] index.ts - Invalid number: NaN
[2023-06-27T16:02:13.964] [ERROR] index.ts - Invalid date format!
[2023-06-27T16:02:14.000] [ERROR] index.ts - Invalid number: NaN
[2023-06-27T16:02:14.001] [ERROR] index.ts - Invalid date format!
[2023-06-27T16:02:14.038] [ERROR] index.ts - Invalid number: NaN
[2023-06-27T16:02:14.038] [ERROR] index.ts - Invalid date format!
[2023-06-27T16:02:14.075] [ERROR] index.ts - Invalid number: NaN
[2023-06-27T16:02:14.075] [ERROR] index.ts - Invalid date format!
[2023-06-27T16:02:14.112] [ERROR] index.ts - Invalid number: NaN
[2023-06-27T16:02:14.112] [ERROR] index.ts - Invalid date format!
[2023-06-27T16:02:14.149] [ERROR] index.ts - Invalid number: NaN
[2023-06-27T16:02:14.150] [ERROR] index.ts - Invalid date format!
[2023-06-27T16:02:14.187] [ERROR] index.ts - Invalid number: NaN
[2023-06-27T16:02:14.188] [ERROR] index.ts - Invalid date format!
[2023-06-27T16:02:14.227] [ERROR] index.ts - Invalid number: NaN
[2023-06-27T16:02:14.227] [ERROR] index.ts - Invalid date format!
[2023-06-27T16:02:14.265] [ERROR] index.ts - Invalid number: NaN
[2023-06-27T16:02:14.265] [ERROR] index.ts - Invalid date format!
[2023-06-27T16:02:14.303] [ERROR] index.ts - Invalid number: NaN
[2023-06-27T16:02:14.303] [ERROR] index.ts - Invalid date format!
[2023-06-27T16:02:14.343] [ERROR] index.ts - Invalid number: NaN
[2023-06-27T16:02:14.343] [ERROR] index.ts - Invalid date format!
[2023-06-27T16:02:14.381] [ERROR] index.ts - Invalid number: NaN
[2023-06-27T16:02:14.381] [ERROR] index.ts - Invalid date format!
[2023-06-27T16:02:14.418] [ERROR] index.ts - Invalid number: NaN
[2023-06-27T16:02:14.419] [ERROR] index.ts - Invalid date format!
[2023-06-27T16:02:14.458] [ERROR] index.ts - Invalid number: NaN
[2023-06-27T16:02:14.458] [ERROR] index.ts - Invalid date format!
[2023-06-27T16:02:14.495] [ERROR] index.ts - Invalid number: NaN
[2023-06-27T16:02:14.496] [ERROR] index.ts - Invalid date format!
[2023-06-27T16:03:10.872] [ERROR] index.ts - Invalid number: NaN
[2023-06-27T16:03:10.873] [ERROR] index.ts - Invalid date format!
[2023-06-27T16:03:10.875] [ERROR] index.ts - Invalid number: NaN
[2023-06-27T16:03:10.875] [ERROR] index.ts - Invalid date format!
[2023-06-27T16:03:10.877] [ERROR] index.ts - Invalid number: NaN
[2023-06-27T16:03:10.877] [ERROR] index.ts - Invalid date format!
[2023-06-27T16:03:10.879] [ERROR] index.ts - Invalid number: NaN
[2023-06-27T16:03:10.879] [ERROR] index.ts - Invalid date format!
[2023-06-27T16:03:10.881] [ERROR] index.ts - Invalid number: NaN
[2023-06-27T16:03:10.881] [ERROR] index.ts - Invalid date format!
[2023-06-27T16:03:10.884] [ERROR] index.ts - Invalid number: NaN
[2023-06-27T16:03:10.884] [ERROR] index.ts - Invalid date format!
[2023-06-27T16:03:10.887] [ERROR] index.ts - Invalid number: NaN
[2023-06-27T16:03:10.887] [ERROR] index.ts - Invalid date format!
[2023-06-27T16:03:10.891] [ERROR] index.ts - Invalid number: NaN
[2023-06-27T16:03:10.891] [ERROR] index.ts - Invalid date format!
[2023-06-27T16:03:10.895] [ERROR] index.ts - Invalid number: NaN
[2023-06-27T16:03:10.895] [ERROR] index.ts - Invalid date format!
[2023-06-27T16:03:10.899] [ERROR] index.ts - Invalid number: NaN
[2023-06-27T16:03:10.899] [ERROR] index.ts - Invalid date format!
[2023-06-27T16:03:10.904] [ERROR] index.ts - Invalid number: NaN
[2023-06-27T16:03:10.905] [ERROR] index.ts - Invalid date format!
[2023-06-27T16:03:10.910] [ERROR] index.ts - Invalid number: NaN
[2023-06-27T16:03:10.910] [ERROR] index.ts - Invalid date format!
[2023-06-27T16:03:10.915] [ERROR] index.ts - Invalid number: NaN
[2023-06-27T16:03:10.915] [ERROR] index.ts - Invalid date format!
[2023-06-27T16:03:10.921] [ERROR] index.ts - Invalid number: NaN
[2023-06-27T16:03:10.921] [ERROR] index.ts - Invalid date format!
[2023-06-27T16:03:10.927] [ERROR] index.ts - Invalid number: NaN
[2023-06-27T16:03:10.927] [ERROR] index.ts - Invalid date format!
[2023-06-27T16:03:10.933] [ERROR] index.ts - Invalid number: NaN
[2023-06-27T16:03:10.934] [ERROR] index.ts - Invalid date format!
[2023-06-27T16:03:10.940] [ERROR] index.ts - Invalid number: NaN
[2023-06-27T16:03:10.940] [ERROR] index.ts - Invalid date format!
[2023-06-27T16:03:10.947] [ERROR] index.ts - Invalid number: NaN
[2023-06-27T16:03:10.948] [ERROR] index.ts - Invalid date format!
[2023-06-27T16:03:10.956] [ERROR] index.ts - Invalid number: NaN
[2023-06-27T16:03:10.956] [ERROR] index.ts - Invalid date format!
[2023-06-27T16:03:10.964] [ERROR] index.ts - Invalid number: NaN
[2023-06-27T16:03:10.964] [ERROR] index.ts - Invalid date format!
[2023-06-27T16:03:10.972] [ERROR] index.ts - Invalid number: NaN
[2023-06-27T16:03:10.973] [ERROR] index.ts - Invalid date format!
[2023-06-27T16:03:10.981] [ERROR] index.ts - Invalid number: NaN
[2023-06-27T16:03:10.981] [ERROR] index.ts - Invalid date format!
[2023-06-27T16:03:10.990] [ERROR] index.ts - Invalid number: NaN
[2023-06-27T16:03:10.991] [ERROR] index.ts - Invalid date format!
[2023-06-27T16:03:11.001] [ERROR] index.ts - Invalid number: NaN
[2023-06-27T16:03:11.002] [ERROR] index.ts - Invalid date format!
[2023-06-27T16:03:11.011] [ERROR] index.ts - Invalid number: NaN
[2023-06-27T16:03:11.012] [ERROR] index.ts - Invalid date format!
[2023-06-27T16:03:11.022] [ERROR] index.ts - Invalid number: NaN
[2023-06-27T16:03:11.022] [ERROR] index.ts - Invalid date format!
[2023-06-27T16:03:11.032] [ERROR] index.ts - Invalid number: NaN
[2023-06-27T16:03:11.032] [ERROR] index.ts - Invalid date format!
[2023-06-27T16:03:11.043] [ERROR] index.ts - Invalid number: NaN
[2023-06-27T16:03:11.043] [ERROR] index.ts - Invalid date format!
[2023-06-27T16:03:11.054] [ERROR] index.ts - Invalid number: NaN
[2023-06-27T16:03:11.054] [ERROR] index.ts - Invalid date format!
[2023-06-27T16:03:11.066] [ERROR] index.ts - Invalid number: NaN
[2023-06-27T16:03:11.066] [ERROR] index.ts - Invalid date format!
[2023-06-27T16:03:11.078] [ERROR] index.ts - Invalid number: NaN
[2023-06-27T16:03:11.078] [ERROR] index.ts - Invalid date format!
[2023-06-27T16:03:11.090] [ERROR] index.ts - Invalid number: NaN
[2023-06-27T16:03:11.091] [ERROR] index.ts - Invalid date format!
[2023-06-27T16:03:11.103] [ERROR] index.ts - Invalid number: NaN
[2023-06-27T16:03:11.103] [ERROR] index.ts - Invalid date format!
[2023-06-27T16:03:11.116] [ERROR] index.ts - Invalid number: NaN
[2023-06-27T16:03:11.117] [ERROR] index.ts - Invalid date format!
[2023-06-27T16:03:11.130] [ERROR] index.ts - Invalid number: NaN
[2023-06-27T16:03:11.130] [ERROR] index.ts - Invalid date format!
[2023-06-27T16:03:11.145] [ERROR] index.ts - Invalid number: NaN
[2023-06-27T16:03:11.145] [ERROR] index.ts - Invalid date format!
[2023-06-27T16:03:11.160] [ERROR] index.ts - Invalid number: NaN
[2023-06-27T16:03:11.160] [ERROR] index.ts - Invalid date format!
[2023-06-27T16:03:11.175] [ERROR] index.ts - Invalid number: NaN
[2023-06-27T16:03:11.175] [ERROR] index.ts - Invalid date format!
[2023-06-27T16:03:11.190] [ERROR] index.ts - Invalid number: NaN
[2023-06-27T16:03:11.190] [ERROR] index.ts - Invalid date format!
[2023-06-27T16:03:11.205] [ERROR] index.ts - Invalid number: NaN
[2023-06-27T16:03:11.206] [ERROR] index.ts - Invalid date format!
[2023-06-27T16:03:11.222] [ERROR] index.ts - Invalid number: NaN
[2023-06-27T16:03:11.222] [ERROR] index.ts - Invalid date format!
[2023-06-27T16:03:11.239] [ERROR] index.ts - Invalid number: NaN
[2023-06-27T16:03:11.240] [ERROR] index.ts - Invalid date format!
[2023-06-27T16:03:11.256] [ERROR] index.ts - Invalid number: NaN
[2023-06-27T16:03:11.256] [ERROR] index.ts - Invalid date format!
[2023-06-27T16:03:11.273] [ERROR] index.ts - Invalid number: NaN
[2023-06-27T16:03:11.273] [ERROR] index.ts - Invalid date format!
[2023-06-27T16:03:11.291] [ERROR] index.ts - Invalid number: NaN
[2023-06-27T16:03:11.291] [ERROR] index.ts - Invalid date format!
[2023-06-27T16:03:11.308] [ERROR] index.ts - Invalid number: NaN
[2023-06-27T16:03:11.309] [ERROR] index.ts - Invalid date format!
[2023-06-27T16:03:11.327] [ERROR] index.ts - Invalid number: NaN
[2023-06-27T16:03:11.327] [ERROR] index.ts - Invalid date format!
[2023-06-27T16:03:11.347] [ERROR] index.ts - Invalid number: NaN
[2023-06-27T16:03:11.347] [ERROR] index.ts - Invalid date format!
[2023-06-27T16:03:11.367] [ERROR] index.ts - Invalid number: NaN
[2023-06-27T16:03:11.367] [ERROR] index.ts - Invalid date format!
[2023-06-27T16:03:11.386] [ERROR] index.ts - Invalid number: NaN
[2023-06-27T16:03:11.386] [ERROR] index.ts - Invalid date format!
[2023-06-27T16:03:11.405] [ERROR] index.ts - Invalid number: NaN
[2023-06-27T16:03:11.406] [ERROR] index.ts - Invalid date format!
[2023-06-27T16:03:11.426] [ERROR] index.ts - Invalid number: NaN
[2023-06-27T16:03:11.426] [ERROR] index.ts - Invalid date format!
[2023-06-27T16:03:11.446] [ERROR] index.ts - Invalid number: NaN
[2023-06-27T16:03:11.447] [ERROR] index.ts - Invalid date format!
[2023-06-27T16:03:11.469] [ERROR] index.ts - Invalid number: NaN
[2023-06-27T16:03:11.469] [ERROR] index.ts - Invalid date format!
[2023-06-27T16:03:11.490] [ERROR] index.ts - Invalid number: NaN
[2023-06-27T16:03:11.490] [ERROR] index.ts - Invalid date format!
[2023-06-27T16:03:11.512] [ERROR] index.ts - Invalid number: NaN
[2023-06-27T16:03:11.512] [ERROR] index.ts - Invalid date format!
[2023-06-27T16:03:11.533] [ERROR] index.ts - Invalid number: NaN
[2023-06-27T16:03:11.534] [ERROR] index.ts - Invalid date format!
[2023-06-27T16:03:11.555] [ERROR] index.ts - Invalid number: NaN
[2023-06-27T16:03:11.556] [ERROR] index.ts - Invalid date format!
[2023-06-27T16:03:11.578] [ERROR] index.ts - Invalid number: NaN
[2023-06-27T16:03:11.578] [ERROR] index.ts - Invalid date format!
[2023-06-27T16:03:11.601] [ERROR] index.ts - Invalid number: NaN
[2023-06-27T16:03:11.601] [ERROR] index.ts - Invalid date format!
[2023-06-27T16:03:11.624] [ERROR] index.ts - Invalid number: NaN
[2023-06-27T16:03:11.624] [ERROR] index.ts - Invalid date format!
[2023-06-27T16:03:11.647] [ERROR] index.ts - Invalid number: NaN
[2023-06-27T16:03:11.648] [ERROR] index.ts - Invalid date format!
[2023-06-27T16:03:11.672] [ERROR] index.ts - Invalid number: NaN
[2023-06-27T16:03:11.672] [ERROR] index.ts - Invalid date format!
[2023-06-27T16:03:11.697] [ERROR] index.ts - Invalid number: NaN
[2023-06-27T16:03:11.697] [ERROR] index.ts - Invalid date format!
[2023-06-27T16:03:11.723] [ERROR] index.ts - Invalid number: NaN
[2023-06-27T16:03:11.724] [ERROR] index.ts - Invalid date format!
[2023-06-27T16:03:11.748] [ERROR] index.ts - Invalid number: NaN
[2023-06-27T16:03:11.749] [ERROR] index.ts - Invalid date format!
[2023-06-27T16:03:11.774] [ERROR] index.ts - Invalid number: NaN
[2023-06-27T16:03:11.774] [ERROR] index.ts - Invalid date format!
[2023-06-27T16:03:11.801] [ERROR] index.ts - Invalid number: NaN
[2023-06-27T16:03:11.801] [ERROR] index.ts - Invalid date format!
[2023-06-27T16:03:11.828] [ERROR] index.ts - Invalid number: NaN
[2023-06-27T16:03:11.828] [ERROR] index.ts - Invalid date format!
[2023-06-27T16:03:11.854] [ERROR] index.ts - Invalid number: NaN
[2023-06-27T16:03:11.855] [ERROR] index.ts - Invalid date format!
[2023-06-27T16:03:11.882] [ERROR] index.ts - Invalid number: NaN
[2023-06-27T16:03:11.882] [ERROR] index.ts - Invalid date format!
[2023-06-27T16:03:11.909] [ERROR] index.ts - Invalid number: NaN
[2023-06-27T16:03:11.909] [ERROR] index.ts - Invalid date format!
[2023-06-27T16:03:11.937] [ERROR] index.ts - Invalid number: NaN
[2023-06-27T16:03:11.937] [ERROR] index.ts - Invalid date format!
[2023-06-27T16:03:11.966] [ERROR] index.ts - Invalid number: NaN
[2023-06-27T16:03:11.967] [ERROR] index.ts - Invalid date format!
[2023-06-27T16:03:11.996] [ERROR] index.ts - Invalid number: NaN
[2023-06-27T16:03:11.996] [ERROR] index.ts - Invalid date format!
[2023-06-27T16:03:12.025] [ERROR] index.ts - Invalid number: NaN
[2023-06-27T16:03:12.025] [ERROR] index.ts - Invalid date format!
[2023-06-27T16:03:12.054] [ERROR] index.ts - Invalid number: NaN
[2023-06-27T16:03:12.054] [ERROR] index.ts - Invalid date format!
[2023-06-27T16:03:12.083] [ERROR] index.ts - Invalid number: NaN
[2023-06-27T16:03:12.083] [ERROR] index.ts - Invalid date format!
[2023-06-27T16:03:12.113] [ERROR] index.ts - Invalid number: NaN
[2023-06-27T16:03:12.114] [ERROR] index.ts - Invalid date format!
[2023-06-27T16:03:12.144] [ERROR] index.ts - Invalid number: NaN
[2023-06-27T16:03:12.144] [ERROR] index.ts - Invalid date format!
[2023-06-27T16:03:12.175] [ERROR] index.ts - Invalid number: NaN
[2023-06-27T16:03:12.175] [ERROR] index.ts - Invalid date format!
[2023-06-27T16:03:12.207] [ERROR] index.ts - Invalid number: NaN
[2023-06-27T16:03:12.207] [ERROR] index.ts - Invalid date format!
[2023-06-27T16:03:12.238] [ERROR] index.ts - Invalid number: NaN
[2023-06-27T16:03:12.239] [ERROR] index.ts - Invalid date format!
[2023-06-27T16:03:12.270] [ERROR] index.ts - Invalid number: NaN
[2023-06-27T16:03:12.271] [ERROR] index.ts - Invalid date format!
[2023-06-27T16:03:12.302] [ERROR] index.ts - Invalid number: NaN
[2023-06-27T16:03:12.302] [ERROR] index.ts - Invalid date format!
[2023-06-27T16:03:12.335] [ERROR] index.ts - Invalid number: NaN
[2023-06-27T16:03:12.335] [ERROR] index.ts - Invalid date format!
[2023-06-27T16:03:12.367] [ERROR] index.ts - Invalid number: NaN
[2023-06-27T16:03:12.368] [ERROR] index.ts - Invalid date format!
[2023-06-27T16:03:12.401] [ERROR] index.ts - Invalid number: NaN
[2023-06-27T16:03:12.401] [ERROR] index.ts - Invalid date format!
[2023-06-27T16:03:12.435] [ERROR] index.ts - Invalid number: NaN
[2023-06-27T16:03:12.436] [ERROR] index.ts - Invalid date format!
[2023-06-27T16:03:12.469] [ERROR] index.ts - Invalid number: NaN
[2023-06-27T16:03:12.470] [ERROR] index.ts - Invalid date format!
[2023-06-27T16:03:12.505] [ERROR] index.ts - Invalid number: NaN
[2023-06-27T16:03:12.505] [ERROR] index.ts - Invalid date format!
[2023-06-27T16:03:12.539] [ERROR] index.ts - Invalid number: NaN
[2023-06-27T16:03:12.540] [ERROR] index.ts - Invalid date format!
[2023-06-27T16:03:12.575] [ERROR] index.ts - Invalid number: NaN
[2023-06-27T16:03:12.575] [ERROR] index.ts - Invalid date format!
[2023-06-27T16:03:12.618] [ERROR] index.ts - Invalid number: NaN
[2023-06-27T16:03:12.618] [ERROR] index.ts - Invalid date format!
[2023-06-27T16:03:12.653] [ERROR] index.ts - Invalid number: NaN
[2023-06-27T16:03:12.654] [ERROR] index.ts - Invalid date format!
[2023-06-27T16:03:12.692] [ERROR] index.ts - Invalid number: NaN
[2023-06-27T16:03:12.693] [ERROR] index.ts - Invalid date format!
[2023-06-27T16:03:12.740] [ERROR] index.ts - Invalid number: NaN
[2023-06-27T16:03:12.741] [ERROR] index.ts - Invalid date format!
[2023-06-27T16:03:12.778] [ERROR] index.ts - Invalid number: NaN
[2023-06-27T16:03:12.779] [ERROR] index.ts - Invalid date format!
[2023-06-27T16:03:12.879] [ERROR] index.ts - Invalid number: NaN
[2023-06-27T16:03:12.879] [ERROR] index.ts - Invalid date format!
[2023-06-27T16:03:12.921] [ERROR] index.ts - Invalid number: NaN
[2023-06-27T16:03:12.922] [ERROR] index.ts - Invalid date format!
[2023-06-27T16:03:12.960] [ERROR] index.ts - Invalid number: NaN
[2023-06-27T16:03:12.961] [ERROR] index.ts - Invalid date format!
[2023-06-27T16:03:12.999] [ERROR] index.ts - Invalid number: NaN
[2023-06-27T16:03:12.999] [ERROR] index.ts - Invalid date format!
[2023-06-27T16:03:13.049] [ERROR] index.ts - Invalid number: NaN
[2023-06-27T16:03:13.050] [ERROR] index.ts - Invalid date format!
[2023-06-28T09:52:59.426] [ERROR] index.ts - Invalid date format!
[2023-06-28T09:52:59.427] [ERROR] index.ts - Invalid date format!
[2023-06-28T09:52:59.427] [ERROR] index.ts - Invalid date format!
[2023-06-28T09:52:59.427] [ERROR] index.ts - Invalid date format!
[2023-06-28T09:52:59.427] [ERROR] index.ts - Invalid date format!
[2023-06-28T09:52:59.427] [ERROR] index.ts - Invalid date format!
[2023-06-28T09:52:59.427] [ERROR] index.ts - Invalid date format!
[2023-06-28T09:52:59.428] [ERROR] index.ts - Invalid date format!
[2023-06-28T09:52:59.428] [ERROR] index.ts - Invalid date format!
[2023-06-28T09:52:59.428] [ERROR] index.ts - Invalid date format!
[2023-06-28T09:52:59.428] [ERROR] index.ts - Invalid date format!
[2023-06-28T09:52:59.428] [ERROR] index.ts - Invalid date format!
[2023-06-28T09:52:59.428] [ERROR] index.ts - Invalid date format!
[2023-06-28T09:52:59.428] [ERROR] index.ts - Invalid date format!
[2023-06-28T09:52:59.428] [ERROR] index.ts - Invalid date format!
[2023-06-28T09:52:59.429] [ERROR] index.ts - Invalid date format!
[2023-06-28T09:52:59.429] [ERROR] index.ts - Invalid date format!
[2023-06-28T09:52:59.429] [ERROR] index.ts - Invalid date format!
[2023-06-28T09:52:59.430] [ERROR] index.ts - Invalid date format!
[2023-06-28T09:52:59.430] [ERROR] index.ts - Invalid date format!
[2023-06-28T09:52:59.430] [ERROR] index.ts - Invalid date format!
[2023-06-28T09:52:59.430] [ERROR] index.ts - Invalid date format!
[2023-06-28T09:52:59.430] [ERROR] index.ts - Invalid date format!
[2023-06-28T09:52:59.430] [ERROR] index.ts - Invalid date format!
[2023-06-28T09:52:59.431] [ERROR] index.ts - Invalid date format!
[2023-06-28T09:52:59.431] [ERROR] index.ts - Invalid date format!
[2023-06-28T09:52:59.431] [ERROR] index.ts - Invalid date format!
[2023-06-28T09:52:59.431] [ERROR] index.ts - Invalid date format!
[2023-06-28T09:52:59.431] [ERROR] index.ts - Invalid date format!
[2023-06-28T09:52:59.431] [ERROR] index.ts - Invalid date format!
[2023-06-28T09:52:59.431] [ERROR] index.ts - Invalid date format!
[2023-06-28T09:52:59.431] [ERROR] index.ts - Invalid date format!
[2023-06-28T09:52:59.431] [ERROR] index.ts - Invalid date format!
[2023-06-28T09:52:59.432] [ERROR] index.ts - Invalid date format!
[2023-06-28T09:52:59.432] [ERROR] index.ts - Invalid date format!
[2023-06-28T09:52:59.432] [ERROR] index.ts - Invalid date format!
[2023-06-28T09:52:59.432] [ERROR] index.ts - Invalid date format!
[2023-06-28T09:52:59.432] [ERROR] index.ts - Invalid date format!
[2023-06-28T09:52:59.433] [ERROR] index.ts - Invalid date format!
[2023-06-28T09:52:59.433] [ERROR] index.ts - Invalid date format!
[2023-06-28T09:52:59.433] [ERROR] index.ts - Invalid date format!
[2023-06-28T09:52:59.434] [ERROR] index.ts - Invalid date format!
[2023-06-28T09:52:59.434] [ERROR] index.ts - Invalid date format!
[2023-06-28T09:52:59.434] [ERROR] index.ts - Invalid date format!
[2023-06-28T09:52:59.435] [ERROR] index.ts - Invalid date format!
[2023-06-28T09:52:59.435] [ERROR] index.ts - Invalid date format!
[2023-06-28T09:52:59.435] [ERROR] index.ts - Invalid date format!
[2023-06-28T09:52:59.435] [ERROR] index.ts - Invalid date format!
[2023-06-28T09:52:59.435] [ERROR] index.ts - Invalid date format!
[2023-06-28T09:52:59.436] [ERROR] index.ts - Invalid date format!
[2023-06-28T09:52:59.436] [ERROR] index.ts - Invalid date format!
[2023-06-28T09:52:59.436] [ERROR] index.ts - Invalid date format!
[2023-06-28T09:52:59.436] [ERROR] index.ts - Invalid date format!
[2023-06-28T09:52:59.437] [ERROR] index.ts - Invalid date format!
[2023-06-28T09:52:59.437] [ERROR] index.ts - Invalid date format!
[2023-06-28T09:52:59.437] [ERROR] index.ts - Invalid date format!
[2023-06-28T09:52:59.437] [ERROR] index.ts - Invalid date format!
[2023-06-28T09:52:59.437] [ERROR] index.ts - Invalid date format!
[2023-06-28T09:52:59.438] [ERROR] index.ts - Invalid date format!
[2023-06-28T09:52:59.438] [ERROR] index.ts - Invalid date format!
[2023-06-28T09:52:59.438] [ERROR] index.ts - Invalid date format!
[2023-06-28T09:52:59.438] [ERROR] index.ts - Invalid date format!
[2023-06-28T09:52:59.438] [ERROR] index.ts - Invalid date format!
[2023-06-28T09:52:59.438] [ERROR] index.ts - Invalid date format!
[2023-06-28T09:52:59.438] [ERROR] index.ts - Invalid date format!
[2023-06-28T09:52:59.438] [ERROR] index.ts - Invalid date format!
[2023-06-28T09:52:59.438] [ERROR] index.ts - Invalid date format!
[2023-06-28T09:52:59.438] [ERROR] index.ts - Invalid date format!
[2023-06-28T09:52:59.439] [ERROR] index.ts - Invalid date format!
[2023-06-28T09:52:59.439] [ERROR] index.ts - Invalid date format!
[2023-06-28T09:52:59.439] [ERROR] index.ts - Invalid date format!
[2023-06-28T09:52:59.439] [ERROR] index.ts - Invalid date format!
[2023-06-28T09:52:59.439] [ERROR] index.ts - Invalid date format!
[2023-06-28T09:52:59.439] [ERROR] index.ts - Invalid date format!
[2023-06-28T09:52:59.439] [ERROR] index.ts - Invalid date format!
[2023-06-28T09:52:59.439] [ERROR] index.ts - Invalid date format!
[2023-06-28T09:52:59.439] [ERROR] index.ts - Invalid date format!
[2023-06-28T09:52:59.440] [ERROR] index.ts - Invalid date format!
[2023-06-28T09:52:59.440] [ERROR] index.ts - Invalid date format!
[2023-06-28T09:52:59.440] [ERROR] index.ts - Invalid date format!
[2023-06-28T09:52:59.440] [ERROR] index.ts - Invalid date format!
[2023-06-28T09:52:59.440] [ERROR] index.ts - Invalid date format!
[2023-06-28T09:52:59.440] [ERROR] index.ts - Invalid date format!
[2023-06-28T09:52:59.441] [ERROR] index.ts - Invalid date format!
[2023-06-28T09:52:59.441] [ERROR] index.ts - Invalid date format!
[2023-06-28T09:52:59.441] [ERROR] index.ts - Invalid date format!
[2023-06-28T09:52:59.441] [ERROR] index.ts - Invalid date format!
[2023-06-28T09:52:59.441] [ERROR] index.ts - Invalid date format!
[2023-06-28T09:52:59.441] [ERROR] index.ts - Invalid date format!
[2023-06-28T09:52:59.441] [ERROR] index.ts - Invalid date format!
[2023-06-28T09:52:59.441] [ERROR] index.ts - Invalid date format!
[2023-06-28T09:52:59.442] [ERROR] index.ts - Invalid date format!
[2023-06-28T09:52:59.442] [ERROR] index.ts - Invalid date format!
